2025-05-15 12:59:51,231 - INFO - Starting main function
2025-05-15 12:59:51,231 - INFO - Starting scraping process
2025-05-15 12:59:51,232 - INFO - Scraping first page
2025-05-15 12:59:51,232 - INFO - Fetching content from URL: https://fashion-studio.dicoding.dev/
2025-05-15 12:59:51,458 - INFO - Successfully fetched content from URL: https://fashion-studio.dicoding.dev/
2025-05-15 12:59:51,468 - INFO - Scraping page 2
2025-05-15 12:59:51,468 - INFO - Fetching content from URL: https://fashion-studio.dicoding.dev/page2
2025-05-15 12:59:51,612 - INFO - Successfully fetched content from URL: https://fashion-studio.dicoding.dev/page2
2025-05-15 12:59:52,625 - INFO - Scraping page 3
2025-05-15 12:59:52,625 - INFO - Fetching content from URL: https://fashion-studio.dicoding.dev/page3
2025-05-15 12:59:52,714 - INFO - Successfully fetched content from URL: https://fashion-studio.dicoding.dev/page3
2025-05-15 12:59:53,731 - INFO - Scraping page 4
2025-05-15 12:59:53,731 - INFO - Fetching content from URL: https://fashion-studio.dicoding.dev/page4
2025-05-15 12:59:53,829 - INFO - Successfully fetched content from URL: https://fashion-studio.dicoding.dev/page4
2025-05-15 12:59:54,842 - INFO - Scraping page 5
2025-05-15 12:59:54,842 - INFO - Fetching content from URL: https://fashion-studio.dicoding.dev/page5
2025-05-15 12:59:54,929 - INFO - Successfully fetched content from URL: https://fashion-studio.dicoding.dev/page5
2025-05-15 12:59:55,942 - INFO - Scraping page 6
2025-05-15 12:59:55,942 - INFO - Fetching content from URL: https://fashion-studio.dicoding.dev/page6
2025-05-15 12:59:56,026 - INFO - Successfully fetched content from URL: https://fashion-studio.dicoding.dev/page6
2025-05-15 12:59:57,042 - INFO - Scraping page 7
2025-05-15 12:59:57,042 - INFO - Fetching content from URL: https://fashion-studio.dicoding.dev/page7
2025-05-15 12:59:57,130 - INFO - Successfully fetched content from URL: https://fashion-studio.dicoding.dev/page7
2025-05-15 12:59:58,145 - INFO - Scraping page 8
2025-05-15 12:59:58,145 - INFO - Fetching content from URL: https://fashion-studio.dicoding.dev/page8
2025-05-15 12:59:58,234 - INFO - Successfully fetched content from URL: https://fashion-studio.dicoding.dev/page8
2025-05-15 12:59:59,247 - INFO - Scraping page 9
2025-05-15 12:59:59,248 - INFO - Fetching content from URL: https://fashion-studio.dicoding.dev/page9
2025-05-15 12:59:59,369 - INFO - Successfully fetched content from URL: https://fashion-studio.dicoding.dev/page9
2025-05-15 13:00:00,381 - INFO - Scraping page 10
2025-05-15 13:00:00,381 - INFO - Fetching content from URL: https://fashion-studio.dicoding.dev/page10
2025-05-15 13:00:00,480 - INFO - Successfully fetched content from URL: https://fashion-studio.dicoding.dev/page10
2025-05-15 13:01:13,025 - INFO - Starting main function
2025-05-15 13:01:13,025 - INFO - Starting scraping process
2025-05-15 13:01:13,026 - INFO - Scraping first page
2025-05-15 13:01:13,026 - INFO - Fetching content from URL: https://fashion-studio.dicoding.dev/
2025-05-15 13:01:13,329 - INFO - Successfully fetched content from URL: https://fashion-studio.dicoding.dev/
2025-05-15 13:01:13,342 - INFO - Scraping page 2
2025-05-15 13:01:13,342 - INFO - Fetching content from URL: https://fashion-studio.dicoding.dev/page2
2025-05-15 13:01:13,427 - INFO - Successfully fetched content from URL: https://fashion-studio.dicoding.dev/page2
2025-05-15 13:01:13,442 - INFO - Scraping page 3
2025-05-15 13:01:13,442 - INFO - Fetching content from URL: https://fashion-studio.dicoding.dev/page3
2025-05-15 13:01:13,531 - INFO - Successfully fetched content from URL: https://fashion-studio.dicoding.dev/page3
2025-05-15 13:01:13,544 - INFO - Scraping page 4
2025-05-15 13:01:13,544 - INFO - Fetching content from URL: https://fashion-studio.dicoding.dev/page4
2025-05-15 13:01:13,641 - INFO - Successfully fetched content from URL: https://fashion-studio.dicoding.dev/page4
2025-05-15 13:01:13,653 - INFO - Scraping page 5
2025-05-15 13:01:13,653 - INFO - Fetching content from URL: https://fashion-studio.dicoding.dev/page5
2025-05-15 13:01:13,738 - INFO - Successfully fetched content from URL: https://fashion-studio.dicoding.dev/page5
2025-05-15 13:01:13,750 - INFO - Scraping page 6
2025-05-15 13:01:13,750 - INFO - Fetching content from URL: https://fashion-studio.dicoding.dev/page6
2025-05-15 13:01:13,839 - INFO - Successfully fetched content from URL: https://fashion-studio.dicoding.dev/page6
2025-05-15 13:01:13,852 - INFO - Scraping page 7
2025-05-15 13:01:13,852 - INFO - Fetching content from URL: https://fashion-studio.dicoding.dev/page7
2025-05-15 13:01:13,965 - INFO - Successfully fetched content from URL: https://fashion-studio.dicoding.dev/page7
2025-05-15 13:01:13,978 - INFO - Scraping page 8
2025-05-15 13:01:13,978 - INFO - Fetching content from URL: https://fashion-studio.dicoding.dev/page8
2025-05-15 13:01:14,064 - INFO - Successfully fetched content from URL: https://fashion-studio.dicoding.dev/page8
2025-05-15 13:01:14,076 - INFO - Scraping page 9
2025-05-15 13:01:14,076 - INFO - Fetching content from URL: https://fashion-studio.dicoding.dev/page9
2025-05-15 13:01:14,166 - INFO - Successfully fetched content from URL: https://fashion-studio.dicoding.dev/page9
2025-05-15 13:01:14,179 - INFO - Scraping page 10
2025-05-15 13:01:14,179 - INFO - Fetching content from URL: https://fashion-studio.dicoding.dev/page10
2025-05-15 13:01:14,268 - INFO - Successfully fetched content from URL: https://fashion-studio.dicoding.dev/page10
2025-05-15 13:01:14,280 - INFO - Scraping page 11
2025-05-15 13:01:14,280 - INFO - Fetching content from URL: https://fashion-studio.dicoding.dev/page11
2025-05-15 13:01:14,366 - INFO - Successfully fetched content from URL: https://fashion-studio.dicoding.dev/page11
2025-05-15 13:01:14,379 - INFO - Scraping page 12
2025-05-15 13:01:14,379 - INFO - Fetching content from URL: https://fashion-studio.dicoding.dev/page12
2025-05-15 13:01:14,543 - INFO - Successfully fetched content from URL: https://fashion-studio.dicoding.dev/page12
2025-05-15 13:01:14,554 - INFO - Scraping page 13
2025-05-15 13:01:14,555 - INFO - Fetching content from URL: https://fashion-studio.dicoding.dev/page13
2025-05-15 13:01:14,642 - INFO - Successfully fetched content from URL: https://fashion-studio.dicoding.dev/page13
2025-05-15 13:01:14,654 - INFO - Scraping page 14
2025-05-15 13:01:14,655 - INFO - Fetching content from URL: https://fashion-studio.dicoding.dev/page14
2025-05-15 13:01:14,793 - INFO - Successfully fetched content from URL: https://fashion-studio.dicoding.dev/page14
2025-05-15 13:01:14,806 - INFO - Scraping page 15
2025-05-15 13:01:14,807 - INFO - Fetching content from URL: https://fashion-studio.dicoding.dev/page15
2025-05-15 13:01:14,914 - INFO - Successfully fetched content from URL: https://fashion-studio.dicoding.dev/page15
2025-05-15 13:01:14,925 - INFO - Scraping page 16
2025-05-15 13:01:14,925 - INFO - Fetching content from URL: https://fashion-studio.dicoding.dev/page16
2025-05-15 13:01:15,404 - INFO - Successfully fetched content from URL: https://fashion-studio.dicoding.dev/page16
2025-05-15 13:01:15,415 - INFO - Scraping page 17
2025-05-15 13:01:15,415 - INFO - Fetching content from URL: https://fashion-studio.dicoding.dev/page17
2025-05-15 13:01:15,533 - INFO - Successfully fetched content from URL: https://fashion-studio.dicoding.dev/page17
2025-05-15 13:01:15,544 - INFO - Scraping page 18
2025-05-15 13:01:15,545 - INFO - Fetching content from URL: https://fashion-studio.dicoding.dev/page18
2025-05-15 13:01:15,634 - INFO - Successfully fetched content from URL: https://fashion-studio.dicoding.dev/page18
2025-05-15 13:01:15,647 - INFO - Scraping page 19
2025-05-15 13:01:15,647 - INFO - Fetching content from URL: https://fashion-studio.dicoding.dev/page19
2025-05-15 13:01:15,736 - INFO - Successfully fetched content from URL: https://fashion-studio.dicoding.dev/page19
2025-05-15 13:01:15,747 - INFO - Scraping page 20
2025-05-15 13:01:15,747 - INFO - Fetching content from URL: https://fashion-studio.dicoding.dev/page20
2025-05-15 13:01:15,843 - INFO - Successfully fetched content from URL: https://fashion-studio.dicoding.dev/page20
2025-05-15 13:01:15,854 - INFO - Scraping page 21
2025-05-15 13:01:15,855 - INFO - Fetching content from URL: https://fashion-studio.dicoding.dev/page21
2025-05-15 13:01:15,942 - INFO - Successfully fetched content from URL: https://fashion-studio.dicoding.dev/page21
2025-05-15 13:01:15,954 - INFO - Scraping page 22
2025-05-15 13:01:15,954 - INFO - Fetching content from URL: https://fashion-studio.dicoding.dev/page22
2025-05-15 13:01:16,267 - INFO - Successfully fetched content from URL: https://fashion-studio.dicoding.dev/page22
2025-05-15 13:01:16,279 - INFO - Scraping page 23
2025-05-15 13:01:16,279 - INFO - Fetching content from URL: https://fashion-studio.dicoding.dev/page23
2025-05-15 13:01:16,374 - INFO - Successfully fetched content from URL: https://fashion-studio.dicoding.dev/page23
2025-05-15 13:01:16,385 - INFO - Scraping page 24
2025-05-15 13:01:16,385 - INFO - Fetching content from URL: https://fashion-studio.dicoding.dev/page24
2025-05-15 13:01:16,540 - INFO - Successfully fetched content from URL: https://fashion-studio.dicoding.dev/page24
2025-05-15 13:01:16,553 - INFO - Scraping page 25
2025-05-15 13:01:16,554 - INFO - Fetching content from URL: https://fashion-studio.dicoding.dev/page25
2025-05-15 13:01:16,643 - INFO - Successfully fetched content from URL: https://fashion-studio.dicoding.dev/page25
2025-05-15 13:01:16,654 - INFO - Scraping page 26
2025-05-15 13:01:16,655 - INFO - Fetching content from URL: https://fashion-studio.dicoding.dev/page26
2025-05-15 13:01:16,741 - INFO - Successfully fetched content from URL: https://fashion-studio.dicoding.dev/page26
2025-05-15 13:01:16,753 - INFO - Scraping page 27
2025-05-15 13:01:16,754 - INFO - Fetching content from URL: https://fashion-studio.dicoding.dev/page27
2025-05-15 13:01:16,867 - INFO - Successfully fetched content from URL: https://fashion-studio.dicoding.dev/page27
2025-05-15 13:01:16,878 - INFO - Scraping page 28
2025-05-15 13:01:16,879 - INFO - Fetching content from URL: https://fashion-studio.dicoding.dev/page28
2025-05-15 13:01:16,963 - INFO - Successfully fetched content from URL: https://fashion-studio.dicoding.dev/page28
2025-05-15 13:01:16,974 - INFO - Scraping page 29
2025-05-15 13:01:16,974 - INFO - Fetching content from URL: https://fashion-studio.dicoding.dev/page29
2025-05-15 13:01:17,063 - INFO - Successfully fetched content from URL: https://fashion-studio.dicoding.dev/page29
2025-05-15 13:01:17,074 - INFO - Scraping page 30
2025-05-15 13:01:17,074 - INFO - Fetching content from URL: https://fashion-studio.dicoding.dev/page30
2025-05-15 13:01:17,160 - INFO - Successfully fetched content from URL: https://fashion-studio.dicoding.dev/page30
2025-05-15 13:01:17,198 - INFO - Scraping page 31
2025-05-15 13:01:17,198 - INFO - Fetching content from URL: https://fashion-studio.dicoding.dev/page31
2025-05-15 13:01:17,306 - INFO - Successfully fetched content from URL: https://fashion-studio.dicoding.dev/page31
2025-05-15 13:01:17,317 - INFO - Scraping page 32
2025-05-15 13:01:17,317 - INFO - Fetching content from URL: https://fashion-studio.dicoding.dev/page32
2025-05-15 13:01:17,398 - INFO - Successfully fetched content from URL: https://fashion-studio.dicoding.dev/page32
2025-05-15 13:01:17,411 - INFO - Scraping page 33
2025-05-15 13:01:17,412 - INFO - Fetching content from URL: https://fashion-studio.dicoding.dev/page33
2025-05-15 13:01:17,497 - INFO - Successfully fetched content from URL: https://fashion-studio.dicoding.dev/page33
2025-05-15 13:01:17,507 - INFO - Scraping page 34
2025-05-15 13:01:17,509 - INFO - Fetching content from URL: https://fashion-studio.dicoding.dev/page34
2025-05-15 13:01:17,594 - INFO - Successfully fetched content from URL: https://fashion-studio.dicoding.dev/page34
2025-05-15 13:01:17,607 - INFO - Scraping page 35
2025-05-15 13:01:17,608 - INFO - Fetching content from URL: https://fashion-studio.dicoding.dev/page35
2025-05-15 13:01:17,696 - INFO - Successfully fetched content from URL: https://fashion-studio.dicoding.dev/page35
2025-05-15 13:01:17,708 - INFO - Scraping page 36
2025-05-15 13:01:17,708 - INFO - Fetching content from URL: https://fashion-studio.dicoding.dev/page36
2025-05-15 13:01:17,790 - INFO - Successfully fetched content from URL: https://fashion-studio.dicoding.dev/page36
2025-05-15 13:01:17,801 - INFO - Scraping page 37
2025-05-15 13:01:17,802 - INFO - Fetching content from URL: https://fashion-studio.dicoding.dev/page37
2025-05-15 13:01:17,881 - INFO - Successfully fetched content from URL: https://fashion-studio.dicoding.dev/page37
2025-05-15 13:01:17,892 - INFO - Scraping page 38
2025-05-15 13:01:17,892 - INFO - Fetching content from URL: https://fashion-studio.dicoding.dev/page38
2025-05-15 13:01:17,975 - INFO - Successfully fetched content from URL: https://fashion-studio.dicoding.dev/page38
2025-05-15 13:01:17,987 - INFO - Scraping page 39
2025-05-15 13:01:17,987 - INFO - Fetching content from URL: https://fashion-studio.dicoding.dev/page39
2025-05-15 13:01:18,071 - INFO - Successfully fetched content from URL: https://fashion-studio.dicoding.dev/page39
2025-05-15 13:01:18,083 - INFO - Scraping page 40
2025-05-15 13:01:18,083 - INFO - Fetching content from URL: https://fashion-studio.dicoding.dev/page40
2025-05-15 13:01:18,181 - INFO - Successfully fetched content from URL: https://fashion-studio.dicoding.dev/page40
2025-05-15 13:01:18,194 - INFO - Scraping page 41
2025-05-15 13:01:18,195 - INFO - Fetching content from URL: https://fashion-studio.dicoding.dev/page41
2025-05-15 13:01:18,292 - INFO - Successfully fetched content from URL: https://fashion-studio.dicoding.dev/page41
2025-05-15 13:01:18,309 - INFO - Scraping page 42
2025-05-15 13:01:18,309 - INFO - Fetching content from URL: https://fashion-studio.dicoding.dev/page42
2025-05-15 13:01:18,397 - INFO - Successfully fetched content from URL: https://fashion-studio.dicoding.dev/page42
2025-05-15 13:01:18,410 - INFO - Scraping page 43
2025-05-15 13:01:18,410 - INFO - Fetching content from URL: https://fashion-studio.dicoding.dev/page43
2025-05-15 13:01:18,502 - INFO - Successfully fetched content from URL: https://fashion-studio.dicoding.dev/page43
2025-05-15 13:01:18,513 - INFO - Scraping page 44
2025-05-15 13:01:18,513 - INFO - Fetching content from URL: https://fashion-studio.dicoding.dev/page44
2025-05-15 13:01:18,617 - INFO - Successfully fetched content from URL: https://fashion-studio.dicoding.dev/page44
2025-05-15 13:01:18,628 - INFO - Scraping page 45
2025-05-15 13:01:18,628 - INFO - Fetching content from URL: https://fashion-studio.dicoding.dev/page45
2025-05-15 13:01:18,716 - INFO - Successfully fetched content from URL: https://fashion-studio.dicoding.dev/page45
2025-05-15 13:01:18,730 - INFO - Scraping page 46
2025-05-15 13:01:18,730 - INFO - Fetching content from URL: https://fashion-studio.dicoding.dev/page46
2025-05-15 13:01:18,820 - INFO - Successfully fetched content from URL: https://fashion-studio.dicoding.dev/page46
2025-05-15 13:01:18,831 - INFO - Scraping page 47
2025-05-15 13:01:18,831 - INFO - Fetching content from URL: https://fashion-studio.dicoding.dev/page47
2025-05-15 13:01:18,919 - INFO - Successfully fetched content from URL: https://fashion-studio.dicoding.dev/page47
2025-05-15 13:01:18,931 - INFO - Scraping page 48
2025-05-15 13:01:18,931 - INFO - Fetching content from URL: https://fashion-studio.dicoding.dev/page48
2025-05-15 13:01:19,017 - INFO - Successfully fetched content from URL: https://fashion-studio.dicoding.dev/page48
2025-05-15 13:01:19,028 - INFO - Scraping page 49
2025-05-15 13:01:19,028 - INFO - Fetching content from URL: https://fashion-studio.dicoding.dev/page49
2025-05-15 13:01:19,138 - INFO - Successfully fetched content from URL: https://fashion-studio.dicoding.dev/page49
2025-05-15 13:01:19,151 - INFO - Scraping page 50
2025-05-15 13:01:19,151 - INFO - Fetching content from URL: https://fashion-studio.dicoding.dev/page50
2025-05-15 13:01:19,236 - INFO - Successfully fetched content from URL: https://fashion-studio.dicoding.dev/page50
2025-05-15 13:01:19,248 - INFO - Scraping page 51
2025-05-15 13:01:19,248 - INFO - Fetching content from URL: https://fashion-studio.dicoding.dev/page51
2025-05-15 13:01:19,558 - ERROR - Error fetching content from URL https://fashion-studio.dicoding.dev/page51: 404 Client Error: Not Found for url: https://fashion-studio.dicoding.dev/page51
2025-05-15 13:01:19,558 - INFO - Scraping page 51
2025-05-15 13:01:19,558 - INFO - Fetching content from URL: https://fashion-studio.dicoding.dev/page51
2025-05-15 13:01:19,902 - ERROR - Error fetching content from URL https://fashion-studio.dicoding.dev/page51: 404 Client Error: Not Found for url: https://fashion-studio.dicoding.dev/page51
2025-05-15 13:01:19,903 - INFO - Scraping page 51
2025-05-15 13:01:19,903 - INFO - Fetching content from URL: https://fashion-studio.dicoding.dev/page51
2025-05-15 13:01:20,009 - ERROR - Error fetching content from URL https://fashion-studio.dicoding.dev/page51: 404 Client Error: Not Found for url: https://fashion-studio.dicoding.dev/page51
2025-05-15 13:01:20,010 - INFO - Scraping page 51
2025-05-15 13:01:20,010 - INFO - Fetching content from URL: https://fashion-studio.dicoding.dev/page51
2025-05-15 13:01:20,098 - ERROR - Error fetching content from URL https://fashion-studio.dicoding.dev/page51: 404 Client Error: Not Found for url: https://fashion-studio.dicoding.dev/page51
2025-05-15 13:01:20,098 - INFO - Scraping page 51
2025-05-15 13:01:20,098 - INFO - Fetching content from URL: https://fashion-studio.dicoding.dev/page51
2025-05-15 13:01:20,236 - ERROR - Error fetching content from URL https://fashion-studio.dicoding.dev/page51: 404 Client Error: Not Found for url: https://fashion-studio.dicoding.dev/page51
2025-05-15 13:01:20,237 - INFO - Scraping page 51
2025-05-15 13:01:20,237 - INFO - Fetching content from URL: https://fashion-studio.dicoding.dev/page51
2025-05-15 13:01:20,356 - ERROR - Error fetching content from URL https://fashion-studio.dicoding.dev/page51: 404 Client Error: Not Found for url: https://fashion-studio.dicoding.dev/page51
2025-05-15 13:01:20,357 - INFO - Scraping page 51
2025-05-15 13:01:20,357 - INFO - Fetching content from URL: https://fashion-studio.dicoding.dev/page51
2025-05-15 13:01:20,676 - ERROR - Error fetching content from URL https://fashion-studio.dicoding.dev/page51: 404 Client Error: Not Found for url: https://fashion-studio.dicoding.dev/page51
2025-05-15 13:01:20,677 - INFO - Scraping page 51
2025-05-15 13:01:20,677 - INFO - Fetching content from URL: https://fashion-studio.dicoding.dev/page51
2025-05-15 13:01:20,828 - ERROR - Error fetching content from URL https://fashion-studio.dicoding.dev/page51: 404 Client Error: Not Found for url: https://fashion-studio.dicoding.dev/page51
2025-05-15 13:01:20,828 - INFO - Scraping page 51
2025-05-15 13:01:20,828 - INFO - Fetching content from URL: https://fashion-studio.dicoding.dev/page51
2025-05-15 13:01:21,236 - ERROR - Error fetching content from URL https://fashion-studio.dicoding.dev/page51: 404 Client Error: Not Found for url: https://fashion-studio.dicoding.dev/page51
2025-05-15 13:01:21,238 - INFO - Scraping page 51
2025-05-15 13:01:21,238 - INFO - Fetching content from URL: https://fashion-studio.dicoding.dev/page51
2025-05-15 13:01:21,417 - ERROR - Error fetching content from URL https://fashion-studio.dicoding.dev/page51: 404 Client Error: Not Found for url: https://fashion-studio.dicoding.dev/page51
2025-05-15 13:01:21,418 - INFO - Scraping page 51
2025-05-15 13:01:21,418 - INFO - Fetching content from URL: https://fashion-studio.dicoding.dev/page51
2025-05-15 13:01:21,510 - ERROR - Error fetching content from URL https://fashion-studio.dicoding.dev/page51: 404 Client Error: Not Found for url: https://fashion-studio.dicoding.dev/page51
2025-05-15 13:01:21,510 - INFO - Scraping page 51
2025-05-15 13:01:21,511 - INFO - Fetching content from URL: https://fashion-studio.dicoding.dev/page51
2025-05-15 13:01:21,657 - ERROR - Error fetching content from URL https://fashion-studio.dicoding.dev/page51: 404 Client Error: Not Found for url: https://fashion-studio.dicoding.dev/page51
2025-05-15 13:01:21,657 - INFO - Scraping page 51
2025-05-15 13:01:21,657 - INFO - Fetching content from URL: https://fashion-studio.dicoding.dev/page51
2025-05-15 13:01:21,746 - ERROR - Error fetching content from URL https://fashion-studio.dicoding.dev/page51: 404 Client Error: Not Found for url: https://fashion-studio.dicoding.dev/page51
2025-05-15 13:01:21,746 - INFO - Scraping page 51
2025-05-15 13:01:21,747 - INFO - Fetching content from URL: https://fashion-studio.dicoding.dev/page51
2025-05-15 13:01:21,845 - ERROR - Error fetching content from URL https://fashion-studio.dicoding.dev/page51: 404 Client Error: Not Found for url: https://fashion-studio.dicoding.dev/page51
2025-05-15 13:01:21,845 - INFO - Scraping page 51
2025-05-15 13:01:21,845 - INFO - Fetching content from URL: https://fashion-studio.dicoding.dev/page51
2025-05-15 13:01:21,931 - ERROR - Error fetching content from URL https://fashion-studio.dicoding.dev/page51: 404 Client Error: Not Found for url: https://fashion-studio.dicoding.dev/page51
2025-05-15 13:01:21,932 - INFO - Scraping page 51
2025-05-15 13:01:21,932 - INFO - Fetching content from URL: https://fashion-studio.dicoding.dev/page51
2025-05-15 13:01:22,023 - ERROR - Error fetching content from URL https://fashion-studio.dicoding.dev/page51: 404 Client Error: Not Found for url: https://fashion-studio.dicoding.dev/page51
2025-05-15 13:01:22,024 - INFO - Scraping page 51
2025-05-15 13:01:22,024 - INFO - Fetching content from URL: https://fashion-studio.dicoding.dev/page51
2025-05-15 13:01:22,108 - ERROR - Error fetching content from URL https://fashion-studio.dicoding.dev/page51: 404 Client Error: Not Found for url: https://fashion-studio.dicoding.dev/page51
2025-05-15 13:01:22,109 - INFO - Scraping page 51
2025-05-15 13:01:22,109 - INFO - Fetching content from URL: https://fashion-studio.dicoding.dev/page51
2025-05-15 13:01:22,194 - ERROR - Error fetching content from URL https://fashion-studio.dicoding.dev/page51: 404 Client Error: Not Found for url: https://fashion-studio.dicoding.dev/page51
2025-05-15 13:01:22,194 - INFO - Scraping page 51
2025-05-15 13:01:22,195 - INFO - Fetching content from URL: https://fashion-studio.dicoding.dev/page51
2025-05-15 13:01:22,296 - ERROR - Error fetching content from URL https://fashion-studio.dicoding.dev/page51: 404 Client Error: Not Found for url: https://fashion-studio.dicoding.dev/page51
2025-05-15 13:01:22,297 - INFO - Scraping page 51
2025-05-15 13:01:22,297 - INFO - Fetching content from URL: https://fashion-studio.dicoding.dev/page51
2025-05-15 13:01:22,382 - ERROR - Error fetching content from URL https://fashion-studio.dicoding.dev/page51: 404 Client Error: Not Found for url: https://fashion-studio.dicoding.dev/page51
2025-05-15 13:01:22,383 - INFO - Scraping page 51
2025-05-15 13:01:22,383 - INFO - Fetching content from URL: https://fashion-studio.dicoding.dev/page51
2025-05-15 13:01:22,464 - ERROR - Error fetching content from URL https://fashion-studio.dicoding.dev/page51: 404 Client Error: Not Found for url: https://fashion-studio.dicoding.dev/page51
2025-05-15 13:01:22,465 - INFO - Scraping page 51
2025-05-15 13:01:22,465 - INFO - Fetching content from URL: https://fashion-studio.dicoding.dev/page51
2025-05-15 13:01:22,547 - ERROR - Error fetching content from URL https://fashion-studio.dicoding.dev/page51: 404 Client Error: Not Found for url: https://fashion-studio.dicoding.dev/page51
2025-05-15 13:01:22,547 - INFO - Scraping page 51
2025-05-15 13:01:22,547 - INFO - Fetching content from URL: https://fashion-studio.dicoding.dev/page51
2025-05-15 13:01:22,635 - ERROR - Error fetching content from URL https://fashion-studio.dicoding.dev/page51: 404 Client Error: Not Found for url: https://fashion-studio.dicoding.dev/page51
2025-05-15 13:01:22,635 - INFO - Scraping page 51
2025-05-15 13:01:22,635 - INFO - Fetching content from URL: https://fashion-studio.dicoding.dev/page51
2025-05-15 13:01:22,719 - ERROR - Error fetching content from URL https://fashion-studio.dicoding.dev/page51: 404 Client Error: Not Found for url: https://fashion-studio.dicoding.dev/page51
2025-05-15 13:01:22,720 - INFO - Scraping page 51
2025-05-15 13:01:22,720 - INFO - Fetching content from URL: https://fashion-studio.dicoding.dev/page51
2025-05-15 13:01:22,804 - ERROR - Error fetching content from URL https://fashion-studio.dicoding.dev/page51: 404 Client Error: Not Found for url: https://fashion-studio.dicoding.dev/page51
2025-05-15 13:01:22,804 - INFO - Scraping page 51
2025-05-15 13:01:22,804 - INFO - Fetching content from URL: https://fashion-studio.dicoding.dev/page51
2025-05-15 13:01:22,889 - ERROR - Error fetching content from URL https://fashion-studio.dicoding.dev/page51: 404 Client Error: Not Found for url: https://fashion-studio.dicoding.dev/page51
2025-05-15 13:01:22,889 - INFO - Scraping page 51
2025-05-15 13:01:22,890 - INFO - Fetching content from URL: https://fashion-studio.dicoding.dev/page51
2025-05-15 13:01:22,978 - ERROR - Error fetching content from URL https://fashion-studio.dicoding.dev/page51: 404 Client Error: Not Found for url: https://fashion-studio.dicoding.dev/page51
2025-05-15 13:01:22,978 - INFO - Scraping page 51
2025-05-15 13:01:22,978 - INFO - Fetching content from URL: https://fashion-studio.dicoding.dev/page51
2025-05-15 13:01:23,069 - ERROR - Error fetching content from URL https://fashion-studio.dicoding.dev/page51: 404 Client Error: Not Found for url: https://fashion-studio.dicoding.dev/page51
2025-05-15 13:01:23,070 - INFO - Scraping page 51
2025-05-15 13:01:23,070 - INFO - Fetching content from URL: https://fashion-studio.dicoding.dev/page51
2025-05-15 13:01:23,158 - ERROR - Error fetching content from URL https://fashion-studio.dicoding.dev/page51: 404 Client Error: Not Found for url: https://fashion-studio.dicoding.dev/page51
2025-05-15 13:01:23,158 - INFO - Scraping page 51
2025-05-15 13:01:23,158 - INFO - Fetching content from URL: https://fashion-studio.dicoding.dev/page51
2025-05-15 13:01:23,324 - ERROR - Error fetching content from URL https://fashion-studio.dicoding.dev/page51: 404 Client Error: Not Found for url: https://fashion-studio.dicoding.dev/page51
2025-05-15 13:01:23,324 - INFO - Scraping page 51
2025-05-15 13:01:23,324 - INFO - Fetching content from URL: https://fashion-studio.dicoding.dev/page51
2025-05-15 13:01:23,411 - ERROR - Error fetching content from URL https://fashion-studio.dicoding.dev/page51: 404 Client Error: Not Found for url: https://fashion-studio.dicoding.dev/page51
2025-05-15 13:01:23,412 - INFO - Scraping page 51
2025-05-15 13:01:23,413 - INFO - Fetching content from URL: https://fashion-studio.dicoding.dev/page51
2025-05-15 13:01:23,498 - ERROR - Error fetching content from URL https://fashion-studio.dicoding.dev/page51: 404 Client Error: Not Found for url: https://fashion-studio.dicoding.dev/page51
2025-05-15 13:01:23,498 - INFO - Scraping page 51
2025-05-15 13:01:23,498 - INFO - Fetching content from URL: https://fashion-studio.dicoding.dev/page51
2025-05-15 13:01:23,653 - ERROR - Error fetching content from URL https://fashion-studio.dicoding.dev/page51: 404 Client Error: Not Found for url: https://fashion-studio.dicoding.dev/page51
2025-05-15 13:01:23,653 - INFO - Scraping page 51
2025-05-15 13:01:23,654 - INFO - Fetching content from URL: https://fashion-studio.dicoding.dev/page51
2025-05-15 13:01:23,738 - ERROR - Error fetching content from URL https://fashion-studio.dicoding.dev/page51: 404 Client Error: Not Found for url: https://fashion-studio.dicoding.dev/page51
2025-05-15 13:01:23,739 - INFO - Scraping page 51
2025-05-15 13:01:23,739 - INFO - Fetching content from URL: https://fashion-studio.dicoding.dev/page51
2025-05-15 13:01:23,825 - ERROR - Error fetching content from URL https://fashion-studio.dicoding.dev/page51: 404 Client Error: Not Found for url: https://fashion-studio.dicoding.dev/page51
2025-05-15 13:01:23,825 - INFO - Scraping page 51
2025-05-15 13:01:23,826 - INFO - Fetching content from URL: https://fashion-studio.dicoding.dev/page51
2025-05-15 13:01:23,909 - ERROR - Error fetching content from URL https://fashion-studio.dicoding.dev/page51: 404 Client Error: Not Found for url: https://fashion-studio.dicoding.dev/page51
2025-05-15 13:01:23,910 - INFO - Scraping page 51
2025-05-15 13:01:23,910 - INFO - Fetching content from URL: https://fashion-studio.dicoding.dev/page51
2025-05-15 13:01:23,988 - ERROR - Error fetching content from URL https://fashion-studio.dicoding.dev/page51: 404 Client Error: Not Found for url: https://fashion-studio.dicoding.dev/page51
2025-05-15 13:01:23,989 - INFO - Scraping page 51
2025-05-15 13:01:23,989 - INFO - Fetching content from URL: https://fashion-studio.dicoding.dev/page51
2025-05-15 13:01:24,069 - ERROR - Error fetching content from URL https://fashion-studio.dicoding.dev/page51: 404 Client Error: Not Found for url: https://fashion-studio.dicoding.dev/page51
2025-05-15 13:01:24,070 - INFO - Scraping page 51
2025-05-15 13:01:24,070 - INFO - Fetching content from URL: https://fashion-studio.dicoding.dev/page51
2025-05-15 13:01:24,163 - ERROR - Error fetching content from URL https://fashion-studio.dicoding.dev/page51: 404 Client Error: Not Found for url: https://fashion-studio.dicoding.dev/page51
2025-05-15 13:01:24,163 - INFO - Scraping page 51
2025-05-15 13:01:24,164 - INFO - Fetching content from URL: https://fashion-studio.dicoding.dev/page51
2025-05-15 13:01:24,249 - ERROR - Error fetching content from URL https://fashion-studio.dicoding.dev/page51: 404 Client Error: Not Found for url: https://fashion-studio.dicoding.dev/page51
2025-05-15 13:01:24,250 - INFO - Scraping page 51
2025-05-15 13:01:24,250 - INFO - Fetching content from URL: https://fashion-studio.dicoding.dev/page51
2025-05-15 13:01:24,328 - ERROR - Error fetching content from URL https://fashion-studio.dicoding.dev/page51: 404 Client Error: Not Found for url: https://fashion-studio.dicoding.dev/page51
2025-05-15 13:01:24,328 - INFO - Scraping page 51
2025-05-15 13:01:24,329 - INFO - Fetching content from URL: https://fashion-studio.dicoding.dev/page51
2025-05-15 13:01:24,413 - ERROR - Error fetching content from URL https://fashion-studio.dicoding.dev/page51: 404 Client Error: Not Found for url: https://fashion-studio.dicoding.dev/page51
2025-05-15 13:01:24,414 - INFO - Scraping page 51
2025-05-15 13:01:24,414 - INFO - Fetching content from URL: https://fashion-studio.dicoding.dev/page51
2025-05-15 13:01:24,503 - ERROR - Error fetching content from URL https://fashion-studio.dicoding.dev/page51: 404 Client Error: Not Found for url: https://fashion-studio.dicoding.dev/page51
2025-05-15 13:01:24,503 - INFO - Scraping page 51
2025-05-15 13:01:24,503 - INFO - Fetching content from URL: https://fashion-studio.dicoding.dev/page51
2025-05-15 13:01:24,587 - ERROR - Error fetching content from URL https://fashion-studio.dicoding.dev/page51: 404 Client Error: Not Found for url: https://fashion-studio.dicoding.dev/page51
2025-05-15 13:01:24,588 - INFO - Scraping page 51
2025-05-15 13:01:24,589 - INFO - Fetching content from URL: https://fashion-studio.dicoding.dev/page51
2025-05-15 13:02:56,655 - INFO - Starting main function
2025-05-15 13:02:56,656 - INFO - Starting scraping process
2025-05-15 13:02:56,656 - INFO - Scraping first page
2025-05-15 13:02:56,656 - INFO - Fetching content from URL: https://fashion-studio.dicoding.dev/
2025-05-15 13:02:56,851 - INFO - Successfully fetched content from URL: https://fashion-studio.dicoding.dev/
2025-05-15 13:02:56,864 - INFO - Scraping page 2
2025-05-15 13:02:56,864 - INFO - Fetching content from URL: https://fashion-studio.dicoding.dev/page2
2025-05-15 13:02:56,952 - INFO - Successfully fetched content from URL: https://fashion-studio.dicoding.dev/page2
2025-05-15 13:02:56,966 - INFO - Scraping page 3
2025-05-15 13:02:56,966 - INFO - Fetching content from URL: https://fashion-studio.dicoding.dev/page3
2025-05-15 13:02:57,270 - INFO - Successfully fetched content from URL: https://fashion-studio.dicoding.dev/page3
2025-05-15 13:02:57,284 - INFO - Scraping page 4
2025-05-15 13:02:57,284 - INFO - Fetching content from URL: https://fashion-studio.dicoding.dev/page4
2025-05-15 13:02:57,376 - INFO - Successfully fetched content from URL: https://fashion-studio.dicoding.dev/page4
2025-05-15 13:02:57,387 - INFO - Scraping page 5
2025-05-15 13:02:57,388 - INFO - Fetching content from URL: https://fashion-studio.dicoding.dev/page5
2025-05-15 13:02:57,476 - INFO - Successfully fetched content from URL: https://fashion-studio.dicoding.dev/page5
2025-05-15 13:02:57,488 - INFO - Scraping page 6
2025-05-15 13:02:57,488 - INFO - Fetching content from URL: https://fashion-studio.dicoding.dev/page6
2025-05-15 13:02:57,693 - INFO - Successfully fetched content from URL: https://fashion-studio.dicoding.dev/page6
2025-05-15 13:02:57,705 - INFO - Scraping page 7
2025-05-15 13:02:57,705 - INFO - Fetching content from URL: https://fashion-studio.dicoding.dev/page7
2025-05-15 13:02:57,928 - INFO - Successfully fetched content from URL: https://fashion-studio.dicoding.dev/page7
2025-05-15 13:02:57,942 - INFO - Scraping page 8
2025-05-15 13:02:57,942 - INFO - Fetching content from URL: https://fashion-studio.dicoding.dev/page8
2025-05-15 13:02:58,028 - INFO - Successfully fetched content from URL: https://fashion-studio.dicoding.dev/page8
2025-05-15 13:02:58,039 - INFO - Scraping page 9
2025-05-15 13:02:58,040 - INFO - Fetching content from URL: https://fashion-studio.dicoding.dev/page9
2025-05-15 13:02:58,133 - INFO - Successfully fetched content from URL: https://fashion-studio.dicoding.dev/page9
2025-05-15 13:02:58,144 - INFO - Scraping page 10
2025-05-15 13:02:58,145 - INFO - Fetching content from URL: https://fashion-studio.dicoding.dev/page10
2025-05-15 13:02:58,366 - INFO - Successfully fetched content from URL: https://fashion-studio.dicoding.dev/page10
2025-05-15 13:02:58,376 - INFO - Scraping page 11
2025-05-15 13:02:58,377 - INFO - Fetching content from URL: https://fashion-studio.dicoding.dev/page11
2025-05-15 13:02:58,467 - INFO - Successfully fetched content from URL: https://fashion-studio.dicoding.dev/page11
2025-05-15 13:02:58,480 - INFO - Scraping page 12
2025-05-15 13:02:58,480 - INFO - Fetching content from URL: https://fashion-studio.dicoding.dev/page12
2025-05-15 13:02:58,591 - INFO - Successfully fetched content from URL: https://fashion-studio.dicoding.dev/page12
2025-05-15 13:02:58,603 - INFO - Scraping page 13
2025-05-15 13:02:58,603 - INFO - Fetching content from URL: https://fashion-studio.dicoding.dev/page13
2025-05-15 13:02:58,687 - INFO - Successfully fetched content from URL: https://fashion-studio.dicoding.dev/page13
2025-05-15 13:02:58,701 - INFO - Scraping page 14
2025-05-15 13:02:58,702 - INFO - Fetching content from URL: https://fashion-studio.dicoding.dev/page14
2025-05-15 13:02:58,914 - INFO - Successfully fetched content from URL: https://fashion-studio.dicoding.dev/page14
2025-05-15 13:02:58,926 - INFO - Scraping page 15
2025-05-15 13:02:58,926 - INFO - Fetching content from URL: https://fashion-studio.dicoding.dev/page15
2025-05-15 13:02:59,010 - INFO - Successfully fetched content from URL: https://fashion-studio.dicoding.dev/page15
2025-05-15 13:02:59,024 - INFO - Scraping page 16
2025-05-15 13:02:59,024 - INFO - Fetching content from URL: https://fashion-studio.dicoding.dev/page16
2025-05-15 13:02:59,114 - INFO - Successfully fetched content from URL: https://fashion-studio.dicoding.dev/page16
2025-05-15 13:02:59,125 - INFO - Scraping page 17
2025-05-15 13:02:59,126 - INFO - Fetching content from URL: https://fashion-studio.dicoding.dev/page17
2025-05-15 13:02:59,210 - INFO - Successfully fetched content from URL: https://fashion-studio.dicoding.dev/page17
2025-05-15 13:02:59,221 - INFO - Scraping page 18
2025-05-15 13:02:59,221 - INFO - Fetching content from URL: https://fashion-studio.dicoding.dev/page18
2025-05-15 13:02:59,386 - INFO - Successfully fetched content from URL: https://fashion-studio.dicoding.dev/page18
2025-05-15 13:02:59,399 - INFO - Scraping page 19
2025-05-15 13:02:59,400 - INFO - Fetching content from URL: https://fashion-studio.dicoding.dev/page19
2025-05-15 13:02:59,488 - INFO - Successfully fetched content from URL: https://fashion-studio.dicoding.dev/page19
2025-05-15 13:02:59,500 - INFO - Scraping page 20
2025-05-15 13:02:59,500 - INFO - Fetching content from URL: https://fashion-studio.dicoding.dev/page20
2025-05-15 13:02:59,586 - INFO - Successfully fetched content from URL: https://fashion-studio.dicoding.dev/page20
2025-05-15 13:02:59,597 - INFO - Scraping page 21
2025-05-15 13:02:59,598 - INFO - Fetching content from URL: https://fashion-studio.dicoding.dev/page21
2025-05-15 13:02:59,686 - INFO - Successfully fetched content from URL: https://fashion-studio.dicoding.dev/page21
2025-05-15 13:02:59,698 - INFO - Scraping page 22
2025-05-15 13:02:59,698 - INFO - Fetching content from URL: https://fashion-studio.dicoding.dev/page22
2025-05-15 13:02:59,789 - INFO - Successfully fetched content from URL: https://fashion-studio.dicoding.dev/page22
2025-05-15 13:02:59,801 - INFO - Scraping page 23
2025-05-15 13:02:59,801 - INFO - Fetching content from URL: https://fashion-studio.dicoding.dev/page23
2025-05-15 13:02:59,909 - INFO - Successfully fetched content from URL: https://fashion-studio.dicoding.dev/page23
2025-05-15 13:02:59,922 - INFO - Scraping page 24
2025-05-15 13:02:59,923 - INFO - Fetching content from URL: https://fashion-studio.dicoding.dev/page24
2025-05-15 13:03:00,014 - INFO - Successfully fetched content from URL: https://fashion-studio.dicoding.dev/page24
2025-05-15 13:03:00,027 - INFO - Scraping page 25
2025-05-15 13:03:00,027 - INFO - Fetching content from URL: https://fashion-studio.dicoding.dev/page25
2025-05-15 13:03:00,114 - INFO - Successfully fetched content from URL: https://fashion-studio.dicoding.dev/page25
2025-05-15 13:03:00,126 - INFO - Scraping page 26
2025-05-15 13:03:00,127 - INFO - Fetching content from URL: https://fashion-studio.dicoding.dev/page26
2025-05-15 13:03:00,272 - INFO - Successfully fetched content from URL: https://fashion-studio.dicoding.dev/page26
2025-05-15 13:03:00,285 - INFO - Scraping page 27
2025-05-15 13:03:00,285 - INFO - Fetching content from URL: https://fashion-studio.dicoding.dev/page27
2025-05-15 13:03:00,371 - INFO - Successfully fetched content from URL: https://fashion-studio.dicoding.dev/page27
2025-05-15 13:03:00,384 - INFO - Scraping page 28
2025-05-15 13:03:00,384 - INFO - Fetching content from URL: https://fashion-studio.dicoding.dev/page28
2025-05-15 13:03:00,472 - INFO - Successfully fetched content from URL: https://fashion-studio.dicoding.dev/page28
2025-05-15 13:03:00,483 - INFO - Scraping page 29
2025-05-15 13:03:00,484 - INFO - Fetching content from URL: https://fashion-studio.dicoding.dev/page29
2025-05-15 13:03:00,569 - INFO - Successfully fetched content from URL: https://fashion-studio.dicoding.dev/page29
2025-05-15 13:03:00,580 - INFO - Scraping page 30
2025-05-15 13:03:00,581 - INFO - Fetching content from URL: https://fashion-studio.dicoding.dev/page30
2025-05-15 13:03:00,667 - INFO - Successfully fetched content from URL: https://fashion-studio.dicoding.dev/page30
2025-05-15 13:03:00,706 - INFO - Scraping page 31
2025-05-15 13:03:00,706 - INFO - Fetching content from URL: https://fashion-studio.dicoding.dev/page31
2025-05-15 13:03:00,792 - INFO - Successfully fetched content from URL: https://fashion-studio.dicoding.dev/page31
2025-05-15 13:03:00,802 - INFO - Scraping page 32
2025-05-15 13:03:00,802 - INFO - Fetching content from URL: https://fashion-studio.dicoding.dev/page32
2025-05-15 13:03:00,891 - INFO - Successfully fetched content from URL: https://fashion-studio.dicoding.dev/page32
2025-05-15 13:03:00,902 - INFO - Scraping page 33
2025-05-15 13:03:00,902 - INFO - Fetching content from URL: https://fashion-studio.dicoding.dev/page33
2025-05-15 13:03:00,988 - INFO - Successfully fetched content from URL: https://fashion-studio.dicoding.dev/page33
2025-05-15 13:03:01,000 - INFO - Scraping page 34
2025-05-15 13:03:01,000 - INFO - Fetching content from URL: https://fashion-studio.dicoding.dev/page34
2025-05-15 13:03:01,089 - INFO - Successfully fetched content from URL: https://fashion-studio.dicoding.dev/page34
2025-05-15 13:03:01,101 - INFO - Scraping page 35
2025-05-15 13:03:01,102 - INFO - Fetching content from URL: https://fashion-studio.dicoding.dev/page35
2025-05-15 13:03:01,214 - INFO - Successfully fetched content from URL: https://fashion-studio.dicoding.dev/page35
2025-05-15 13:03:01,225 - INFO - Scraping page 36
2025-05-15 13:03:01,225 - INFO - Fetching content from URL: https://fashion-studio.dicoding.dev/page36
2025-05-15 13:03:01,364 - INFO - Successfully fetched content from URL: https://fashion-studio.dicoding.dev/page36
2025-05-15 13:03:01,375 - INFO - Scraping page 37
2025-05-15 13:03:01,376 - INFO - Fetching content from URL: https://fashion-studio.dicoding.dev/page37
2025-05-15 13:03:01,462 - INFO - Successfully fetched content from URL: https://fashion-studio.dicoding.dev/page37
2025-05-15 13:03:01,473 - INFO - Scraping page 38
2025-05-15 13:03:01,474 - INFO - Fetching content from URL: https://fashion-studio.dicoding.dev/page38
2025-05-15 13:03:01,559 - INFO - Successfully fetched content from URL: https://fashion-studio.dicoding.dev/page38
2025-05-15 13:03:01,572 - INFO - Scraping page 39
2025-05-15 13:03:01,572 - INFO - Fetching content from URL: https://fashion-studio.dicoding.dev/page39
2025-05-15 13:03:01,665 - INFO - Successfully fetched content from URL: https://fashion-studio.dicoding.dev/page39
2025-05-15 13:03:01,675 - INFO - Scraping page 40
2025-05-15 13:03:01,675 - INFO - Fetching content from URL: https://fashion-studio.dicoding.dev/page40
2025-05-15 13:03:01,764 - INFO - Successfully fetched content from URL: https://fashion-studio.dicoding.dev/page40
2025-05-15 13:03:01,777 - INFO - Scraping page 41
2025-05-15 13:03:01,778 - INFO - Fetching content from URL: https://fashion-studio.dicoding.dev/page41
2025-05-15 13:03:01,957 - INFO - Successfully fetched content from URL: https://fashion-studio.dicoding.dev/page41
2025-05-15 13:03:01,968 - INFO - Scraping page 42
2025-05-15 13:03:01,969 - INFO - Fetching content from URL: https://fashion-studio.dicoding.dev/page42
2025-05-15 13:03:02,066 - INFO - Successfully fetched content from URL: https://fashion-studio.dicoding.dev/page42
2025-05-15 13:03:02,078 - INFO - Scraping page 43
2025-05-15 13:03:02,078 - INFO - Fetching content from URL: https://fashion-studio.dicoding.dev/page43
2025-05-15 13:03:02,168 - INFO - Successfully fetched content from URL: https://fashion-studio.dicoding.dev/page43
2025-05-15 13:03:02,180 - INFO - Scraping page 44
2025-05-15 13:03:02,180 - INFO - Fetching content from URL: https://fashion-studio.dicoding.dev/page44
2025-05-15 13:03:02,264 - INFO - Successfully fetched content from URL: https://fashion-studio.dicoding.dev/page44
2025-05-15 13:03:02,277 - INFO - Scraping page 45
2025-05-15 13:03:02,277 - INFO - Fetching content from URL: https://fashion-studio.dicoding.dev/page45
2025-05-15 13:03:02,365 - INFO - Successfully fetched content from URL: https://fashion-studio.dicoding.dev/page45
2025-05-15 13:03:02,379 - INFO - Scraping page 46
2025-05-15 13:03:02,380 - INFO - Fetching content from URL: https://fashion-studio.dicoding.dev/page46
2025-05-15 13:03:02,479 - INFO - Successfully fetched content from URL: https://fashion-studio.dicoding.dev/page46
2025-05-15 13:03:02,490 - INFO - Scraping page 47
2025-05-15 13:03:02,491 - INFO - Fetching content from URL: https://fashion-studio.dicoding.dev/page47
2025-05-15 13:03:02,575 - INFO - Successfully fetched content from URL: https://fashion-studio.dicoding.dev/page47
2025-05-15 13:03:02,588 - INFO - Scraping page 48
2025-05-15 13:03:02,589 - INFO - Fetching content from URL: https://fashion-studio.dicoding.dev/page48
2025-05-15 13:03:02,676 - INFO - Successfully fetched content from URL: https://fashion-studio.dicoding.dev/page48
2025-05-15 13:03:02,687 - INFO - Scraping page 49
2025-05-15 13:03:02,687 - INFO - Fetching content from URL: https://fashion-studio.dicoding.dev/page49
2025-05-15 13:03:02,775 - INFO - Successfully fetched content from URL: https://fashion-studio.dicoding.dev/page49
2025-05-15 13:03:02,790 - INFO - Scraping page 50
2025-05-15 13:03:02,790 - INFO - Fetching content from URL: https://fashion-studio.dicoding.dev/page50
2025-05-15 13:03:02,932 - INFO - Successfully fetched content from URL: https://fashion-studio.dicoding.dev/page50
2025-05-15 13:03:02,943 - INFO - No more pages to scrape
2025-05-15 13:03:02,943 - INFO - Scraping process completed
2025-05-15 13:03:02,945 - INFO - Saving data to CSV file
2025-05-15 13:03:02,954 - INFO - Data saved to testing.csv
2025-05-15 13:06:15,699 - INFO - Starting main function
2025-05-15 13:06:15,699 - INFO - Starting scraping process
2025-05-15 13:06:15,700 - INFO - Scraping first page
2025-05-15 13:06:15,920 - INFO - Scraping page 2
2025-05-15 13:06:16,025 - INFO - Scraping page 3
2025-05-15 13:06:16,124 - INFO - Scraping page 4
2025-05-15 13:06:16,224 - INFO - Scraping page 5
2025-05-15 13:06:16,323 - INFO - Scraping page 6
2025-05-15 13:06:16,422 - INFO - Scraping page 7
2025-05-15 13:06:16,518 - INFO - Scraping page 8
2025-05-15 13:06:16,613 - INFO - Scraping page 9
2025-05-15 13:06:16,709 - INFO - Scraping page 10
2025-05-15 13:06:16,825 - INFO - Scraping page 11
2025-05-15 13:06:16,931 - INFO - Scraping page 12
2025-05-15 13:06:17,023 - INFO - Scraping page 13
2025-05-15 13:06:17,129 - INFO - Scraping page 14
2025-05-15 13:06:17,231 - INFO - Scraping page 15
2025-05-15 13:06:17,329 - INFO - Scraping page 16
2025-05-15 13:06:17,434 - INFO - Scraping page 17
2025-05-15 13:06:17,538 - INFO - Scraping page 18
2025-05-15 13:06:17,635 - INFO - Scraping page 19
2025-05-15 13:06:17,742 - INFO - Scraping page 20
2025-05-15 13:06:17,853 - INFO - Scraping page 21
2025-05-15 13:06:17,949 - INFO - Scraping page 22
2025-05-15 13:06:18,055 - INFO - Scraping page 23
2025-05-15 13:06:18,151 - INFO - Scraping page 24
2025-05-15 13:06:18,279 - INFO - Scraping page 25
2025-05-15 13:06:18,379 - INFO - Scraping page 26
2025-05-15 13:06:18,478 - INFO - Scraping page 27
2025-05-15 13:06:18,578 - INFO - Scraping page 28
2025-05-15 13:06:18,675 - INFO - Scraping page 29
2025-05-15 13:06:18,781 - INFO - Scraping page 30
2025-05-15 13:06:18,904 - INFO - Scraping page 31
2025-05-15 13:06:19,003 - INFO - Scraping page 32
2025-05-15 13:06:19,104 - INFO - Scraping page 33
2025-05-15 13:06:19,207 - INFO - Scraping page 34
2025-05-15 13:06:19,310 - INFO - Scraping page 35
2025-05-15 13:06:19,403 - INFO - Scraping page 36
2025-05-15 13:06:19,506 - INFO - Scraping page 37
2025-05-15 13:06:19,640 - INFO - Scraping page 38
2025-05-15 13:06:19,739 - INFO - Scraping page 39
2025-05-15 13:06:19,837 - INFO - Scraping page 40
2025-05-15 13:06:19,936 - INFO - Scraping page 41
2025-05-15 13:06:20,040 - INFO - Scraping page 42
2025-05-15 13:06:20,137 - INFO - Scraping page 43
2025-05-15 13:06:20,236 - INFO - Scraping page 44
2025-05-15 13:06:20,332 - INFO - Scraping page 45
2025-05-15 13:06:20,431 - INFO - Scraping page 46
2025-05-15 13:06:20,527 - INFO - Scraping page 47
2025-05-15 13:06:20,625 - INFO - Scraping page 48
2025-05-15 13:06:20,723 - INFO - Scraping page 49
2025-05-15 13:06:20,823 - INFO - Scraping page 50
2025-05-15 13:06:20,919 - INFO - No more pages to scrape
2025-05-15 13:06:20,919 - INFO - Scraping process completed
2025-05-15 13:22:00,177 - INFO - Starting main function
2025-05-15 13:22:00,184 - INFO - Starting scraping process
2025-05-15 13:22:00,184 - INFO - Scraping first page
2025-05-15 13:22:00,185 - INFO - Scraping page 2
2025-05-15 13:22:00,186 - INFO - No more pages to scrape
2025-05-15 13:22:00,187 - INFO - Scraping process completed
2025-05-15 13:23:10,455 - INFO - Starting main function
2025-05-15 13:23:10,462 - INFO - Starting scraping process
2025-05-15 13:23:10,463 - INFO - Scraping first page
2025-05-15 13:23:10,463 - INFO - Scraping page 2
2025-05-15 13:23:10,464 - INFO - No more pages to scrape
2025-05-15 13:23:10,464 - INFO - Scraping process completed
2025-05-15 13:24:20,777 - INFO - Starting main function
2025-05-15 13:24:20,786 - INFO - Starting scraping process
2025-05-15 13:24:20,786 - INFO - Scraping first page
2025-05-15 13:24:20,787 - INFO - Scraping page 2
2025-05-15 13:24:20,789 - INFO - No more pages to scrape
2025-05-15 13:24:20,789 - INFO - Scraping process completed
2025-05-15 13:50:12,645 - ERROR - Error fetching content from URL http://example.com: Error
2025-05-15 13:50:12,647 - INFO - Starting main function
2025-05-15 13:50:12,653 - INFO - Starting scraping process
2025-05-15 13:50:12,654 - INFO - Scraping first page
2025-05-15 13:50:12,655 - INFO - Scraping page 2
2025-05-15 13:50:12,656 - INFO - No more pages to scrape
2025-05-15 13:50:12,656 - INFO - Scraping process completed
2025-05-15 13:54:24,328 - ERROR - Error fetching content from URL http://example.com: Error
2025-05-15 13:54:24,334 - INFO - Starting main function
2025-05-15 13:54:24,347 - INFO - Starting scraping process
2025-05-15 13:54:24,348 - INFO - Scraping first page
2025-05-15 13:54:24,349 - INFO - Scraping page 2
2025-05-15 13:54:24,351 - INFO - No more pages to scrape
2025-05-15 13:54:24,351 - INFO - Scraping process completed
2025-05-15 13:56:28,272 - ERROR - Error fetching content from URL http://example.com: Error
2025-05-15 13:56:28,276 - INFO - Starting main function
2025-05-15 13:56:28,286 - INFO - Starting scraping process
2025-05-15 13:56:28,286 - INFO - Scraping first page
2025-05-15 13:56:28,289 - INFO - Scraping page 2
2025-05-15 13:56:28,292 - INFO - No more pages to scrape
2025-05-15 13:56:28,292 - INFO - Scraping process completed
2025-05-15 22:50:02,419 - INFO - Starting main function
2025-05-15 22:50:02,420 - INFO - Starting scraping process
2025-05-15 22:50:02,420 - INFO - Scraping first page
2025-05-15 22:50:02,631 - INFO - Scraping page 2
2025-05-15 22:50:02,726 - INFO - Scraping page 3
2025-05-15 22:50:02,836 - INFO - Scraping page 4
2025-05-15 22:50:02,934 - INFO - Scraping page 5
2025-05-15 22:50:03,034 - INFO - Scraping page 6
2025-05-15 22:50:03,130 - INFO - Scraping page 7
2025-05-15 22:50:03,228 - INFO - Scraping page 8
2025-05-15 22:50:03,327 - INFO - Scraping page 9
2025-05-15 22:50:03,424 - INFO - Scraping page 10
2025-05-15 22:50:03,525 - INFO - Scraping page 11
2025-05-15 22:50:03,625 - INFO - Scraping page 12
2025-05-15 22:50:03,719 - INFO - Scraping page 13
2025-05-15 22:50:03,816 - INFO - Scraping page 14
2025-05-15 22:50:03,910 - INFO - Scraping page 15
2025-05-15 22:50:04,006 - INFO - Scraping page 16
2025-05-15 22:50:04,099 - INFO - Scraping page 17
2025-05-15 22:50:04,194 - INFO - Scraping page 18
2025-05-15 22:50:04,287 - INFO - Scraping page 19
2025-05-15 22:50:04,382 - INFO - Scraping page 20
2025-05-15 22:50:04,475 - INFO - Scraping page 21
2025-05-15 22:50:04,569 - INFO - Scraping page 22
2025-05-15 22:50:04,660 - INFO - Scraping page 23
2025-05-15 22:50:04,753 - INFO - Scraping page 24
2025-05-15 22:50:04,843 - INFO - Scraping page 25
2025-05-15 22:50:04,939 - INFO - Scraping page 26
2025-05-15 22:50:05,035 - INFO - Scraping page 27
2025-05-15 22:50:05,131 - INFO - Scraping page 28
2025-05-15 22:50:05,226 - INFO - Scraping page 29
2025-05-15 22:50:05,322 - INFO - Scraping page 30
2025-05-15 22:50:05,436 - INFO - Scraping page 31
2025-05-15 22:50:05,552 - INFO - Scraping page 32
2025-05-15 22:50:05,943 - INFO - Scraping page 33
2025-05-15 22:50:06,259 - INFO - Scraping page 34
2025-05-15 22:50:06,356 - INFO - Scraping page 35
2025-05-15 22:50:06,747 - INFO - Scraping page 36
2025-05-15 22:50:07,141 - INFO - Scraping page 37
2025-05-15 22:50:07,239 - INFO - Scraping page 38
2025-05-15 22:50:07,339 - INFO - Scraping page 39
2025-05-15 22:50:07,435 - INFO - Scraping page 40
2025-05-15 22:50:07,532 - INFO - Scraping page 41
2025-05-15 22:50:07,623 - INFO - Scraping page 42
2025-05-15 22:50:07,722 - INFO - Scraping page 43
2025-05-15 22:50:07,817 - INFO - Scraping page 44
2025-05-15 22:50:07,912 - INFO - Scraping page 45
2025-05-15 22:50:08,012 - INFO - Scraping page 46
2025-05-15 22:50:08,109 - INFO - Scraping page 47
2025-05-15 22:50:08,205 - INFO - Scraping page 48
2025-05-15 22:50:08,395 - INFO - Scraping page 49
2025-05-15 22:50:08,491 - INFO - Scraping page 50
2025-05-15 22:50:08,781 - INFO - No more pages to scrape
2025-05-15 22:50:08,781 - INFO - Scraping process completed
2025-05-15 23:26:57,550 - INFO - Starting main function
2025-05-15 23:26:57,550 - INFO - Starting scraping process
2025-05-15 23:26:57,551 - INFO - Scraping first page
2025-05-15 23:26:57,748 - INFO - Scraping page 2
2025-05-15 23:26:57,841 - INFO - Scraping page 3
2025-05-15 23:26:57,937 - INFO - Scraping page 4
2025-05-15 23:26:58,033 - INFO - Scraping page 5
2025-05-15 23:26:58,129 - INFO - Scraping page 6
2025-05-15 23:26:58,248 - INFO - Scraping page 7
2025-05-15 23:26:58,343 - INFO - Scraping page 8
2025-05-15 23:26:58,482 - INFO - Scraping page 9
2025-05-15 23:26:58,583 - INFO - Scraping page 10
2025-05-15 23:26:58,676 - INFO - Scraping page 11
2025-05-15 23:26:58,788 - INFO - Scraping page 12
2025-05-15 23:26:58,885 - INFO - Scraping page 13
2025-05-15 23:26:58,999 - INFO - Scraping page 14
2025-05-15 23:26:59,132 - INFO - Scraping page 15
2025-05-15 23:26:59,226 - INFO - Scraping page 16
2025-05-15 23:26:59,324 - INFO - Scraping page 17
2025-05-15 23:26:59,420 - INFO - Scraping page 18
2025-05-15 23:26:59,519 - INFO - Scraping page 19
2025-05-15 23:26:59,658 - INFO - Scraping page 20
2025-05-15 23:26:59,765 - INFO - Scraping page 21
2025-05-15 23:26:59,865 - INFO - Scraping page 22
2025-05-15 23:27:00,008 - INFO - Scraping page 23
2025-05-15 23:27:00,132 - INFO - Scraping page 24
2025-05-15 23:27:00,232 - INFO - Scraping page 25
2025-05-15 23:27:00,332 - INFO - Scraping page 26
2025-05-15 23:27:00,436 - INFO - Scraping page 27
2025-05-15 23:27:00,535 - INFO - Scraping page 28
2025-05-15 23:27:00,671 - INFO - Scraping page 29
2025-05-15 23:27:00,774 - INFO - Scraping page 30
2025-05-15 23:27:00,899 - INFO - Scraping page 31
2025-05-15 23:27:01,005 - INFO - Scraping page 32
2025-05-15 23:27:01,100 - INFO - Scraping page 33
2025-05-15 23:27:01,218 - INFO - Scraping page 34
2025-05-15 23:27:01,328 - INFO - Scraping page 35
2025-05-15 23:27:01,425 - INFO - Scraping page 36
2025-05-15 23:27:01,524 - INFO - Scraping page 37
2025-05-15 23:27:01,676 - INFO - Scraping page 38
2025-05-15 23:27:01,804 - INFO - Scraping page 39
2025-05-15 23:27:01,900 - INFO - Scraping page 40
2025-05-15 23:27:02,007 - INFO - Scraping page 41
2025-05-15 23:27:02,102 - INFO - Scraping page 42
2025-05-15 23:27:02,194 - INFO - Scraping page 43
2025-05-15 23:27:02,291 - INFO - Scraping page 44
2025-05-15 23:27:02,386 - INFO - Scraping page 45
2025-05-15 23:27:02,482 - INFO - Scraping page 46
2025-05-15 23:27:02,576 - INFO - Scraping page 47
2025-05-15 23:27:02,672 - INFO - Scraping page 48
2025-05-15 23:27:02,766 - INFO - Scraping page 49
2025-05-15 23:27:02,863 - INFO - Scraping page 50
2025-05-15 23:27:02,959 - INFO - No more pages to scrape
2025-05-15 23:27:02,959 - INFO - Scraping process completed
2025-05-15 23:27:23,966 - INFO - Starting main function
2025-05-15 23:27:23,966 - INFO - Starting scraping process
2025-05-15 23:27:23,966 - INFO - Scraping first page
2025-05-15 23:27:24,071 - INFO - Scraping page 2
2025-05-15 23:27:24,167 - INFO - Scraping page 3
2025-05-15 23:27:24,271 - INFO - Scraping page 4
2025-05-15 23:27:24,366 - INFO - Scraping page 5
2025-05-15 23:27:24,459 - INFO - Scraping page 6
2025-05-15 23:27:24,560 - INFO - Scraping page 7
2025-05-15 23:27:24,662 - INFO - Scraping page 8
2025-05-15 23:27:24,765 - INFO - Scraping page 9
2025-05-15 23:27:24,876 - INFO - Scraping page 10
2025-05-15 23:27:24,975 - INFO - Scraping page 11
2025-05-15 23:27:25,103 - INFO - Scraping page 12
2025-05-15 23:27:25,202 - INFO - Scraping page 13
2025-05-15 23:27:25,299 - INFO - Scraping page 14
2025-05-15 23:27:25,400 - INFO - Scraping page 15
2025-05-15 23:27:25,497 - INFO - Scraping page 16
2025-05-15 23:27:25,597 - INFO - Scraping page 17
2025-05-15 23:27:25,696 - INFO - Scraping page 18
2025-05-15 23:27:25,799 - INFO - Scraping page 19
2025-05-15 23:27:25,900 - INFO - Scraping page 20
2025-05-15 23:27:26,007 - INFO - Scraping page 21
2025-05-15 23:27:26,107 - INFO - Scraping page 22
2025-05-15 23:27:26,204 - INFO - Scraping page 23
2025-05-15 23:27:26,307 - INFO - Scraping page 24
2025-05-15 23:27:26,468 - INFO - Scraping page 25
2025-05-15 23:27:26,565 - INFO - Scraping page 26
2025-05-15 23:27:26,663 - INFO - Scraping page 27
2025-05-15 23:27:26,764 - INFO - Scraping page 28
2025-05-15 23:27:26,858 - INFO - Scraping page 29
2025-05-15 23:27:26,956 - INFO - Scraping page 30
2025-05-15 23:27:27,071 - INFO - Scraping page 31
2025-05-15 23:27:27,169 - INFO - Scraping page 32
2025-05-15 23:27:27,263 - INFO - Scraping page 33
2025-05-15 23:27:27,359 - INFO - Scraping page 34
2025-05-15 23:27:27,490 - INFO - Scraping page 35
2025-05-15 23:27:27,679 - INFO - Scraping page 36
2025-05-15 23:27:27,776 - INFO - Scraping page 37
2025-05-15 23:27:27,913 - INFO - Scraping page 38
2025-05-15 23:27:28,008 - INFO - Scraping page 39
2025-05-15 23:27:28,104 - INFO - Scraping page 40
2025-05-15 23:27:28,398 - INFO - Scraping page 41
2025-05-15 23:27:28,496 - INFO - Scraping page 42
2025-05-15 23:27:28,596 - INFO - Scraping page 43
2025-05-15 23:27:28,694 - INFO - Scraping page 44
2025-05-15 23:27:28,793 - INFO - Scraping page 45
2025-05-15 23:27:28,888 - INFO - Scraping page 46
2025-05-15 23:27:28,989 - INFO - Scraping page 47
2025-05-15 23:27:29,084 - INFO - Scraping page 48
2025-05-15 23:27:29,178 - INFO - Scraping page 49
2025-05-15 23:27:29,270 - INFO - Scraping page 50
2025-05-15 23:27:29,369 - INFO - No more pages to scrape
2025-05-15 23:27:29,369 - INFO - Scraping process completed
2025-05-15 23:31:01,484 - INFO - Starting main function
2025-05-15 23:31:01,484 - INFO - Starting scraping process
2025-05-15 23:31:01,485 - INFO - Scraping first page
2025-05-15 23:31:01,701 - INFO - Scraping page 2
2025-05-15 23:31:01,831 - INFO - Scraping page 3
2025-05-15 23:31:02,002 - INFO - Scraping page 4
2025-05-15 23:31:02,119 - INFO - Scraping page 5
2025-05-15 23:31:02,214 - INFO - Scraping page 6
2025-05-15 23:31:02,388 - INFO - Scraping page 7
2025-05-15 23:31:02,550 - INFO - Scraping page 8
2025-05-15 23:31:02,645 - INFO - Scraping page 9
2025-05-15 23:31:02,740 - INFO - Scraping page 10
2025-05-15 23:31:02,837 - INFO - Scraping page 11
2025-05-15 23:31:02,941 - INFO - Scraping page 12
2025-05-15 23:31:03,038 - INFO - Scraping page 13
2025-05-15 23:31:03,140 - INFO - Scraping page 14
2025-05-15 23:31:03,241 - INFO - Scraping page 15
2025-05-15 23:31:03,341 - INFO - Scraping page 16
2025-05-15 23:31:03,447 - INFO - Scraping page 17
2025-05-15 23:31:03,555 - INFO - Scraping page 18
2025-05-15 23:31:03,651 - INFO - Scraping page 19
2025-05-15 23:31:03,748 - INFO - Scraping page 20
2025-05-15 23:31:03,845 - INFO - Scraping page 21
2025-05-15 23:31:03,945 - INFO - Scraping page 22
2025-05-15 23:31:04,039 - INFO - Scraping page 23
2025-05-15 23:31:04,138 - INFO - Scraping page 24
2025-05-15 23:31:04,237 - INFO - Scraping page 25
2025-05-15 23:31:04,338 - INFO - Scraping page 26
2025-05-15 23:31:04,446 - INFO - Scraping page 27
2025-05-15 23:31:04,542 - INFO - Scraping page 28
2025-05-15 23:31:04,643 - INFO - Scraping page 29
2025-05-15 23:31:04,949 - INFO - Scraping page 30
2025-05-15 23:31:05,069 - INFO - Scraping page 31
2025-05-15 23:31:05,170 - INFO - Scraping page 32
2025-05-15 23:31:05,264 - INFO - Scraping page 33
2025-05-15 23:31:05,359 - INFO - Scraping page 34
2025-05-15 23:31:05,455 - INFO - Scraping page 35
2025-05-15 23:31:05,549 - INFO - Scraping page 36
2025-05-15 23:31:05,646 - INFO - Scraping page 37
2025-05-15 23:31:05,742 - INFO - Scraping page 38
2025-05-15 23:31:05,838 - INFO - Scraping page 39
2025-05-15 23:31:05,938 - INFO - Scraping page 40
2025-05-15 23:31:06,039 - INFO - Scraping page 41
2025-05-15 23:31:06,143 - INFO - Scraping page 42
2025-05-15 23:31:06,237 - INFO - Scraping page 43
2025-05-15 23:31:06,458 - INFO - Scraping page 44
2025-05-15 23:31:06,554 - INFO - Scraping page 45
2025-05-15 23:31:06,653 - INFO - Scraping page 46
2025-05-15 23:31:06,747 - INFO - Scraping page 47
2025-05-15 23:31:06,846 - INFO - Scraping page 48
2025-05-15 23:31:06,950 - INFO - Scraping page 49
2025-05-15 23:31:07,044 - INFO - Scraping page 50
2025-05-15 23:31:07,143 - INFO - No more pages to scrape
2025-05-15 23:31:07,143 - INFO - Scraping process completed
